<?xml version="1.0" encoding="utf-8"?><testsuites name="pytest tests"><testsuite name="pytest" errors="0" failures="0" skipped="0" tests="14" time="12.851" timestamp="2026-02-25T12:37:20.530725+00:00" hostname="agent-env-97d90289-bd5a-4134-b780-862a6a8f57c5"><testcase classname="backend.tests.test_smart_upload.TestHealthCheck" name="test_api_health" time="0.537" /><testcase classname="backend.tests.test_smart_upload.TestSessionCreation" name="test_create_session" time="0.372" /><testcase classname="backend.tests.test_smart_upload.TestSmartUploadCSV" name="test_upload_accounts_with_aliased_headers" time="0.926" /><testcase classname="backend.tests.test_smart_upload.TestSmartUploadCSV" name="test_upload_customers_with_aliased_headers" time="0.434" /><testcase classname="backend.tests.test_smart_upload.TestSmartUploadCSV" name="test_upload_subscriptions" time="0.407" /><testcase classname="backend.tests.test_smart_upload.TestSmartUploadCSV" name="test_upload_invoices_with_aliased_headers" time="0.424" /><testcase classname="backend.tests.test_smart_upload.TestSmartUploadMultiFile" name="test_upload_multiple_csvs_at_once" time="0.776" /><testcase classname="backend.tests.test_smart_upload.TestSmartUploadZIP" name="test_upload_zip_file" time="0.805" /><testcase classname="backend.tests.test_smart_upload.TestSmartValidate" name="test_smart_validate_after_upload" time="1.161" /><testcase classname="backend.tests.test_smart_upload.TestSmartValidate" name="test_smart_validate_missing_files" time="0.723" /><testcase classname="backend.tests.test_smart_upload.TestSettingsUpdate" name="test_update_currency_settings" time="0.717" /><testcase classname="backend.tests.test_smart_upload.TestSyntheticDataFlow" name="test_synthetic_data_generation" time="0.832" /><testcase classname="backend.tests.test_smart_upload.TestSyntheticDataFlow" name="test_full_flow_with_synthetic" time="2.361" /><testcase classname="backend.tests.test_smart_upload.TestTemplateDownloads" name="test_all_template_downloads" time="2.201" /></testsuite></testsuites>